C51 COMPILER V9.57.0.0   LESSON5_1                                                         02/21/2021 14:10:33 PAGE 1   


C51 COMPILER V9.57.0.0, COMPILATION OF MODULE LESSON5_1
OBJECT MODULE PLACED IN .\Objects\Lesson5_1.obj
COMPILER INVOKED BY: C:\Keil_v5\C51\BIN\C51.EXE Lesson5_1.c OPTIMIZE(8,SPEED) BROWSE DEBUG OBJECTEXTEND PRINT(.\Listings
                    -\Lesson5_1.lst) TABS(2) OBJECT(.\Objects\Lesson5_1.obj)

line level    source

   1          #include <reg52.h>
   2          #include <Utility.h>
   3          
   4          
   5          sbit d1=P1^0;
   6          sbit key1=P3^4;
   7          sbit dula=P2^6;
   8          sbit wela=P2^7;
   9          
  10          uchar num=0;
  11          
  12          void main()
  13          {
  14   1          wela=1;
  15   1          P0=0xfe;
  16   1          wela=0;
  17   1          P3=0xff;
  18   1          while(1)
  19   1          {
  20   2              if (key1==0)
  21   2              {
  22   3                  d1=0;
  23   3                  delay(10);
  24   3                  if (key1==0)
  25   3                  {
  26   4                      num=(++num)%9;
  27   4                      while(!key1); //等待松手
  28   4                  }        
  29   3              }
  30   2              else
  31   2              {
  32   3                  d1=1;
  33   3              }
  34   2              dula=1;
  35   2              P0=table[num+1];
  36   2              dula=0;
  37   2              
  38   2          }
  39   1      }
  40          


MODULE INFORMATION:   STATIC OVERLAYABLE
   CODE SIZE        =     87    ----
   CONSTANT SIZE    =     16    ----
   XDATA SIZE       =   ----    ----
   PDATA SIZE       =   ----    ----
   DATA SIZE        =      1    ----
   IDATA SIZE       =   ----    ----
   BIT SIZE         =   ----    ----
END OF MODULE INFORMATION.


C51 COMPILATION COMPLETE.  0 WARNING(S),  0 ERROR(S)
