C51 COMPILER V9.57.0.0   UTILITY                                                           02/21/2021 14:03:57 PAGE 1   


C51 COMPILER V9.57.0.0, COMPILATION OF MODULE UTILITY
OBJECT MODULE PLACED IN .\Objects\Utility.obj
COMPILER INVOKED BY: C:\Keil_v5\C51\BIN\C51.EXE Utility.c OPTIMIZE(8,SPEED) BROWSE DEBUG OBJECTEXTEND PRINT(.\Listings\U
                    -tility.lst) TABS(2) OBJECT(.\Objects\Utility.obj)

line level    source

   1          #define uint unsigned int
   2          
   3          void delay(uint z)
   4          {
   5   1          uint x,y;
   6   1          for ( x = z; x > 0; x--)
   7   1          {
   8   2              for ( y = 110; y > 0; y--)
   9   2              {
  10   3      
  11   3              }
  12   2              
  13   2          }
  14   1          
  15   1      }


MODULE INFORMATION:   STATIC OVERLAYABLE
   CODE SIZE        =     30    ----
   CONSTANT SIZE    =   ----    ----
   XDATA SIZE       =   ----    ----
   PDATA SIZE       =   ----    ----
   DATA SIZE        =   ----    ----
   IDATA SIZE       =   ----    ----
   BIT SIZE         =   ----    ----
END OF MODULE INFORMATION.


C51 COMPILATION COMPLETE.  0 WARNING(S),  0 ERROR(S)
