C51 COMPILER V9.57.0.0   LESSON4_1                                                         02/20/2021 22:02:15 PAGE 1   


C51 COMPILER V9.57.0.0, COMPILATION OF MODULE LESSON4_1
OBJECT MODULE PLACED IN .\Objects\Lesson4_1.obj
COMPILER INVOKED BY: C:\Keil_v5\C51\BIN\C51.EXE Lesson4_1.c OPTIMIZE(8,SPEED) BROWSE DEBUG OBJECTEXTEND PRINT(.\Listings
                    -\Lesson4_1.lst) TABS(2) OBJECT(.\Objects\Lesson4_1.obj)

line level    source

   1          #include<reg52.h>
   2          #include<intrins.h>
   3          
   4          #define uint unsigned int
   5          #define uchar unsigned char
   6          sbit dula = P2^6;
   7          sbit wela = P2^7;
   8          void delay(uint z);
   9          void init();
  10          uchar temp,tt=0,num=0;
  11          uchar code table[]={
  12              0x3f,0x06,0x5b,0x4f,
  13              0x66,0x6d,0x7d,0x07,
  14              0x7f,0x6f,0x77,0x7c,
  15              0x39,0x5e,0x79,0x71
  16          };
  17          uchar code table_we[]={
  18              0xfe,0xfd,0xfb,0xf7,0xef,0xdf
  19          };
  20          
  21          
  22          void main()
  23          {
  24   1          init();
  25   1          temp = 0xfe;
  26   1          P1 = temp;
  27   1          wela = 0;
  28   1          // dula = 1;
  29   1          // P0 = table[16];
  30   1          // dula = 0;
  31   1          while(1)
  32   1          {
  33   2              if(tt>=20)
  34   2              {
  35   3                  tt=0;
  36   3                  num++;
  37   3                  temp=_crol_(temp,1);
  38   3                  P1=temp;
  39   3                  wela=1;
  40   3                  P0=table_we[num%6];
  41   3                  wela=0;
  42   3                  dula=1;
  43   3                  P0=table[num%6+1];
  44   3                  dula=0;
  45   3                  
  46   3              }
  47   2              
  48   2          }
  49   1      
  50   1      }
  51          
  52          void delay(uint z)
  53          {
  54   1          uint x,y;
C51 COMPILER V9.57.0.0   LESSON4_1                                                         02/20/2021 22:02:15 PAGE 2   

  55   1          for ( x = z; x > 0; x--)
  56   1          {
  57   2              for ( y = 110; y > 0; y--)
  58   2              {
  59   3      
  60   3              }
  61   2              
  62   2          }
  63   1          
  64   1      }
  65          
  66          void init()
  67          {
  68   1          TMOD=0x01;
  69   1          TH0=(65536-50000)/256;
  70   1          TL0=(65536-50000)%256;
  71   1          EA=1;
  72   1          ET0=1;
  73   1          TR0=1; //启动T0定时器
  74   1      }
  75          
  76          void timer0() interrupt 1
  77          {
  78   1          TH0=(65536-50000)/256;
  79   1          TL0=(65536-50000)%256;
  80   1          tt++;
  81   1      }


MODULE INFORMATION:   STATIC OVERLAYABLE
   CODE SIZE        =    125    ----
   CONSTANT SIZE    =     22    ----
   XDATA SIZE       =   ----    ----
   PDATA SIZE       =   ----    ----
   DATA SIZE        =      3    ----
   IDATA SIZE       =   ----    ----
   BIT SIZE         =   ----    ----
END OF MODULE INFORMATION.


C51 COMPILATION COMPLETE.  0 WARNING(S),  0 ERROR(S)
